[0m15:35:06.279471 [debug] [MainThread]: Sending event: {'category': 'dbt', 'action': 'invocation', 'label': 'start', 'context': [<snowplow_tracker.self_describing_json.SelfDescribingJson object at 0x000002DAA892DA90>, <snowplow_tracker.self_describing_json.SelfDescribingJson object at 0x000002DAA83E2C90>, <snowplow_tracker.self_describing_json.SelfDescribingJson object at 0x000002DAA891B990>]}


============================== 15:35:06.286525 | 23b6816b-2134-44e1-8fd7-ffbea50340f7 ==============================
[0m15:35:06.286525 [info ] [MainThread]: Running with dbt=1.7.18
[0m15:35:06.288532 [debug] [MainThread]: running dbt with arguments {'printer_width': '80', 'indirect_selection': 'eager', 'write_json': 'True', 'log_cache_events': 'False', 'partial_parse': 'True', 'cache_selected_only': 'False', 'profiles_dir': 'C:\\Users\\ra5673\\.dbt', 'version_check': 'True', 'fail_fast': 'False', 'log_path': 'logs', 'warn_error': 'None', 'debug': 'False', 'use_colors': 'True', 'use_experimental_parser': 'False', 'no_print': 'None', 'quiet': 'False', 'warn_error_options': 'WarnErrorOptions(include=[], exclude=[])', 'static_parser': 'True', 'invocation_command': 'dbt init', 'introspect': 'True', 'target_path': 'None', 'log_format': 'default', 'send_anonymous_usage_stats': 'True'}
[0m15:35:20.501296 [debug] [MainThread]: Starter project path: C:\Users\ra5673\OneDrive - Spendrups Bryggeri AB\Skrivbordet\Airflor-sync\Airflow\venv\Lib\site-packages\dbt\include\starter_project
[0m15:35:20.547457 [info ] [MainThread]: 
Your new dbt project "dbt_dataplatform_test" was created!

For more information on how to configure the profiles.yml file,
please consult the dbt documentation here:

  https://docs.getdbt.com/docs/configure-your-profile

One more thing:

Need help? Don't hesitate to reach out to us via GitHub issues or on Slack:

  https://community.getdbt.com/

Happy modeling!

[0m15:35:20.549465 [info ] [MainThread]: Setting up your profile.
[0m15:36:18.023342 [info ] [MainThread]: Profile dbt_dataplatform_test written to C:\Users\ra5673\.dbt\profiles.yml using target's profile_template.yml and your supplied values. Run 'dbt debug' to validate the connection.
[0m15:36:18.028334 [debug] [MainThread]: Command `dbt init` succeeded at 15:36:18.027323 after 71.89 seconds
[0m15:36:18.029372 [debug] [MainThread]: Sending event: {'category': 'dbt', 'action': 'invocation', 'label': 'end', 'context': [<snowplow_tracker.self_describing_json.SelfDescribingJson object at 0x000002DAA29752D0>, <snowplow_tracker.self_describing_json.SelfDescribingJson object at 0x000002DAA8913F90>, <snowplow_tracker.self_describing_json.SelfDescribingJson object at 0x000002DAA2E13B10>]}
[0m15:36:18.031878 [debug] [MainThread]: Flushing usage events
[0m15:37:38.529012 [debug] [MainThread]: Sending event: {'category': 'dbt', 'action': 'invocation', 'label': 'start', 'context': [<snowplow_tracker.self_describing_json.SelfDescribingJson object at 0x0000026F9F444B10>, <snowplow_tracker.self_describing_json.SelfDescribingJson object at 0x0000026F9F461690>, <snowplow_tracker.self_describing_json.SelfDescribingJson object at 0x0000026F9F0E2F50>]}


============================== 15:37:38.534034 | 2334341c-7b0f-4478-a881-fdea499aa6fa ==============================
[0m15:37:38.534034 [info ] [MainThread]: Running with dbt=1.7.18
[0m15:37:38.536035 [debug] [MainThread]: running dbt with arguments {'printer_width': '80', 'indirect_selection': 'eager', 'log_cache_events': 'False', 'write_json': 'True', 'partial_parse': 'True', 'cache_selected_only': 'False', 'warn_error': 'None', 'debug': 'False', 'profiles_dir': 'C:\\Users\\ra5673\\.dbt', 'log_path': 'logs', 'version_check': 'True', 'fail_fast': 'False', 'use_colors': 'True', 'use_experimental_parser': 'False', 'no_print': 'None', 'quiet': 'False', 'log_format': 'default', 'introspect': 'True', 'static_parser': 'True', 'warn_error_options': 'WarnErrorOptions(include=[], exclude=[])', 'target_path': 'None', 'invocation_command': 'dbt debug', 'send_anonymous_usage_stats': 'True'}
[0m15:37:38.536035 [info ] [MainThread]: dbt version: 1.7.18
[0m15:37:38.542575 [info ] [MainThread]: python version: 3.11.9
[0m15:37:38.543574 [info ] [MainThread]: python path: C:\Users\ra5673\OneDrive - Spendrups Bryggeri AB\Skrivbordet\Airflor-sync\Airflow\venv\Scripts\python.exe
[0m15:37:38.544573 [info ] [MainThread]: os info: Windows-10-10.0.22631-SP0
[0m15:37:38.665080 [info ] [MainThread]: Error importing adapter: No module named 'dbt.adapters.fabric'
[0m15:37:38.666080 [info ] [MainThread]: Using profiles dir at C:\Users\ra5673\.dbt
[0m15:37:38.666080 [info ] [MainThread]: Using profiles.yml file at C:\Users\ra5673\.dbt\profiles.yml
[0m15:37:38.667605 [info ] [MainThread]: Using dbt_project.yml file at C:\Users\ra5673\OneDrive - Spendrups Bryggeri AB\Skrivbordet\Airflor-sync\Airflow\dags\dbt\dbt_project.yml
[0m15:37:38.669035 [info ] [MainThread]: Configuration:
[0m15:37:38.670045 [info ] [MainThread]:   profiles.yml file [[31mERROR invalid[0m]
[0m15:37:38.671047 [info ] [MainThread]:   dbt_project.yml file [[31mERROR not found[0m]
[0m15:37:38.674388 [info ] [MainThread]: Required dependencies:
[0m15:37:38.675543 [debug] [MainThread]: Executing "git --help"
[0m15:37:38.734563 [debug] [MainThread]: STDOUT: "b"usage: git [-v | --version] [-h | --help] [-C <path>] [-c <name>=<value>]\n           [--exec-path[=<path>]] [--html-path] [--man-path] [--info-path]\n           [-p | --paginate | -P | --no-pager] [--no-replace-objects] [--bare]\n           [--git-dir=<path>] [--work-tree=<path>] [--namespace=<name>]\n           [--config-env=<name>=<envvar>] <command> [<args>]\n\nThese are common Git commands used in various situations:\n\nstart a working area (see also: git help tutorial)\n   clone     Clone a repository into a new directory\n   init      Create an empty Git repository or reinitialize an existing one\n\nwork on the current change (see also: git help everyday)\n   add       Add file contents to the index\n   mv        Move or rename a file, a directory, or a symlink\n   restore   Restore working tree files\n   rm        Remove files from the working tree and from the index\n\nexamine the history and state (see also: git help revisions)\n   bisect    Use binary search to find the commit that introduced a bug\n   diff      Show changes between commits, commit and working tree, etc\n   grep      Print lines matching a pattern\n   log       Show commit logs\n   show      Show various types of objects\n   status    Show the working tree status\n\ngrow, mark and tweak your common history\n   branch    List, create, or delete branches\n   commit    Record changes to the repository\n   merge     Join two or more development histories together\n   rebase    Reapply commits on top of another base tip\n   reset     Reset current HEAD to the specified state\n   switch    Switch branches\n   tag       Create, list, delete or verify a tag object signed with GPG\n\ncollaborate (see also: git help workflows)\n   fetch     Download objects and refs from another repository\n   pull      Fetch from and integrate with another repository or a local branch\n   push      Update remote refs along with associated objects\n\n'git help -a' and 'git help -g' list available subcommands and some\nconcept guides. See 'git help <command>' or 'git help <concept>'\nto read about a specific subcommand or concept.\nSee 'git help git' for an overview of the system.\n""
[0m15:37:38.735714 [debug] [MainThread]: STDERR: "b''"
[0m15:37:38.735714 [info ] [MainThread]:  - git [[32mOK found[0m]

[0m15:37:38.737322 [info ] [MainThread]: Connection test skipped since no profile was found
[0m15:37:38.739775 [info ] [MainThread]: [31m2 checks failed:[0m
[0m15:37:38.741129 [info ] [MainThread]: Could not load dbt_project.yml
Profile loading failed for the following reason:
Runtime Error
  Credentials in profile "fabric_DBT", target "dev" invalid: Runtime Error
    Could not find adapter type fabric!


[0m15:37:38.743399 [info ] [MainThread]: Project loading failed for the following reason:
 project path <C:\Users\ra5673\OneDrive - Spendrups Bryggeri AB\Skrivbordet\Airflor-sync\Airflow\dags\dbt\dbt_project.yml> not found

[0m15:37:38.748407 [debug] [MainThread]: Command `dbt debug` failed at 15:37:38.747395 after 0.32 seconds
[0m15:37:38.749407 [debug] [MainThread]: Sending event: {'category': 'dbt', 'action': 'invocation', 'label': 'end', 'context': [<snowplow_tracker.self_describing_json.SelfDescribingJson object at 0x0000026F994752D0>, <snowplow_tracker.self_describing_json.SelfDescribingJson object at 0x0000026F99682DD0>, <snowplow_tracker.self_describing_json.SelfDescribingJson object at 0x0000026F99683AD0>]}
[0m15:37:38.751409 [debug] [MainThread]: Flushing usage events
